[2m2020-05-13 17:22:00.061[0;39m [32m INFO[0;39m [35m90464[0;39m [2m---[0;39m [2m[           main][0;39m [36mjdbc.sqlonly                            [0;39m [2m:[0;39m drop table if exists tbl_board

[2m2020-05-13 17:22:00.509[0;39m [32m INFO[0;39m [35m90464[0;39m [2m---[0;39m [2m[           main][0;39m [36mjdbc.sqlonly                            [0;39m [2m:[0;39m create table tbl_board (id bigint not null auto_increment, contents varchar(255), created_at datetime, title varchar(255), updated_at datetime, primary key (id)) engine=InnoDB

[2m2020-05-13 17:22:00.999[0;39m [32m INFO[0;39m [35m90464[0;39m [2m---[0;39m [2m[           main][0;39m [36mjdbc.sqlonly                            [0;39m [2m:[0;39m drop table if exists tbl_board

[2m2020-05-13 17:22:19.903[0;39m [32m INFO[0;39m [35m90531[0;39m [2m---[0;39m [2m[           main][0;39m [36mjdbc.sqlonly                            [0;39m [2m:[0;39m drop table if exists tbl_board

[2m2020-05-13 17:22:20.078[0;39m [32m INFO[0;39m [35m90531[0;39m [2m---[0;39m [2m[           main][0;39m [36mjdbc.sqlonly                            [0;39m [2m:[0;39m create table tbl_board (id bigint not null auto_increment, contents varchar(255), created_at datetime, title varchar(255), updated_at datetime, primary key (id)) engine=InnoDB

[2m2020-05-13 17:22:20.569[0;39m [32m INFO[0;39m [35m90531[0;39m [2m---[0;39m [2m[           main][0;39m [36mjdbc.sqlonly                            [0;39m [2m:[0;39m drop table if exists tbl_board

[2m2020-05-13 17:24:21.052[0;39m [32m INFO[0;39m [35m90852[0;39m [2m---[0;39m [2m[           main][0;39m [36mjdbc.sqlonly                            [0;39m [2m:[0;39m select table_name from information_schema.TABLES where table_schema = database() and table_type = 'SEQUENCE'

[2m2020-05-13 17:24:21.762[0;39m [32m INFO[0;39m [35m90852[0;39m [2m---[0;39m [2m[           main][0;39m [36mjdbc.sqlonly                            [0;39m [2m:[0;39m drop table if exists tbl_board

[2m2020-05-13 17:24:21.935[0;39m [32m INFO[0;39m [35m90852[0;39m [2m---[0;39m [2m[           main][0;39m [36mjdbc.sqlonly                            [0;39m [2m:[0;39m create table tbl_board (id bigint not null auto_increment, contents varchar(255), created_at datetime(6), title varchar(255), updated_at datetime(6), primary key (id)) engine=InnoDB

[2m2020-05-13 17:24:22.433[0;39m [32m INFO[0;39m [35m90852[0;39m [2m---[0;39m [2m[           main][0;39m [36mjdbc.sqlonly                            [0;39m [2m:[0;39m drop table if exists tbl_board

[2m2020-05-13 17:25:27.270[0;39m [32m INFO[0;39m [35m91048[0;39m [2m---[0;39m [2m[           main][0;39m [36mjdbc.sqlonly                            [0;39m [2m:[0;39m select table_name from information_schema.TABLES where table_schema = database() and table_type = 'SEQUENCE'

[2m2020-05-13 17:25:27.638[0;39m [32m INFO[0;39m [35m91048[0;39m [2m---[0;39m [2m[           main][0;39m [36mjdbc.sqlonly                            [0;39m [2m:[0;39m drop table if exists tbl_board

[2m2020-05-13 17:25:27.813[0;39m [32m INFO[0;39m [35m91048[0;39m [2m---[0;39m [2m[           main][0;39m [36mjdbc.sqlonly                            [0;39m [2m:[0;39m create table tbl_board (id bigint not null auto_increment, contents varchar(255), created_at datetime(6), title varchar(255), updated_at datetime(6), primary key (id)) engine=InnoDB

[2m2020-05-13 17:25:28.173[0;39m [32m INFO[0;39m [35m91048[0;39m [2m---[0;39m [2m[           main][0;39m [36mjdbc.sqlonly                            [0;39m [2m:[0;39m drop table if exists tbl_board

[2m2020-05-13 17:25:55.352[0;39m [32m INFO[0;39m [35m91326[0;39m [2m---[0;39m [2m[           main][0;39m [36mjdbc.sqlonly                            [0;39m [2m:[0;39m select table_name from information_schema.TABLES where table_schema = database() and table_type = 'SEQUENCE'

[2m2020-05-13 17:25:55.752[0;39m [32m INFO[0;39m [35m91326[0;39m [2m---[0;39m [2m[           main][0;39m [36mjdbc.sqlonly                            [0;39m [2m:[0;39m drop table if exists tbl_board

[2m2020-05-13 17:25:55.902[0;39m [32m INFO[0;39m [35m91326[0;39m [2m---[0;39m [2m[           main][0;39m [36mjdbc.sqlonly                            [0;39m [2m:[0;39m create table tbl_board (id bigint not null auto_increment, contents varchar(255), created_at datetime(6), title varchar(255), updated_at datetime(6), primary key (id)) engine=InnoDB

[2m2020-05-13 17:25:57.182[0;39m [32m INFO[0;39m [35m91326[0;39m [2m---[0;39m [2m[           main][0;39m [36mjdbc.sqlonly                            [0;39m [2m:[0;39m drop table if exists tbl_board

[2m2020-05-13 17:28:46.837[0;39m [32m INFO[0;39m [35m91791[0;39m [2m---[0;39m [2m[           main][0;39m [36mjdbc.sqlonly                            [0;39m [2m:[0;39m select table_name from information_schema.TABLES where table_schema = database() and table_type = 'SEQUENCE'

[2m2020-05-13 17:28:47.346[0;39m [32m INFO[0;39m [35m91791[0;39m [2m---[0;39m [2m[           main][0;39m [36mjdbc.sqlonly                            [0;39m [2m:[0;39m drop table if exists tbl_board

[2m2020-05-13 17:28:47.502[0;39m [32m INFO[0;39m [35m91791[0;39m [2m---[0;39m [2m[           main][0;39m [36mjdbc.sqlonly                            [0;39m [2m:[0;39m create table tbl_board (id bigint not null auto_increment, contents varchar(255), created_at datetime(6), title varchar(255), updated_at datetime(6), primary key (id)) engine=InnoDB

[2m2020-05-13 17:28:47.922[0;39m [32m INFO[0;39m [35m91791[0;39m [2m---[0;39m [2m[           main][0;39m [36mjdbc.sqlonly                            [0;39m [2m:[0;39m drop table if exists tbl_board

[2m2020-05-13 17:30:08.584[0;39m [32m INFO[0;39m [35m92151[0;39m [2m---[0;39m [2m[           main][0;39m [36mjdbc.sqlonly                            [0;39m [2m:[0;39m select table_name from information_schema.TABLES where table_schema = database() and table_type = 'SEQUENCE'

[2m2020-05-13 17:30:08.958[0;39m [32m INFO[0;39m [35m92151[0;39m [2m---[0;39m [2m[           main][0;39m [36mjdbc.sqlonly                            [0;39m [2m:[0;39m drop table if exists tbl_board

[2m2020-05-13 17:30:09.140[0;39m [32m INFO[0;39m [35m92151[0;39m [2m---[0;39m [2m[           main][0;39m [36mjdbc.sqlonly                            [0;39m [2m:[0;39m create table tbl_board (id bigint not null auto_increment, contents varchar(255), created_at datetime(6), title varchar(255), updated_at datetime(6), primary key (id)) engine=InnoDB

[2m2020-05-13 17:30:09.515[0;39m [32m INFO[0;39m [35m92151[0;39m [2m---[0;39m [2m[           main][0;39m [36mjdbc.sqlonly                            [0;39m [2m:[0;39m drop table if exists tbl_board

[2m2020-05-13 17:30:18.570[0;39m [32m INFO[0;39m [35m92171[0;39m [2m---[0;39m [2m[           main][0;39m [36mjdbc.sqlonly                            [0;39m [2m:[0;39m select table_name from information_schema.TABLES where table_schema = database() and table_type = 'SEQUENCE'

[2m2020-05-13 17:30:18.925[0;39m [32m INFO[0;39m [35m92171[0;39m [2m---[0;39m [2m[           main][0;39m [36mjdbc.sqlonly                            [0;39m [2m:[0;39m drop table if exists tbl_board

[2m2020-05-13 17:30:19.106[0;39m [32m INFO[0;39m [35m92171[0;39m [2m---[0;39m [2m[           main][0;39m [36mjdbc.sqlonly                            [0;39m [2m:[0;39m create table tbl_board (id bigint not null auto_increment, contents varchar(255), created_at datetime(6), title varchar(255), updated_at datetime(6), primary key (id)) engine=InnoDB

[2m2020-05-13 17:30:19.506[0;39m [32m INFO[0;39m [35m92171[0;39m [2m---[0;39m [2m[           main][0;39m [36mjdbc.sqlonly                            [0;39m [2m:[0;39m drop table if exists tbl_board

[2m2020-05-13 17:31:02.933[0;39m [32m INFO[0;39m [35m92408[0;39m [2m---[0;39m [2m[           main][0;39m [36mjdbc.sqlonly                            [0;39m [2m:[0;39m select table_name from information_schema.TABLES where table_schema = database() and table_type = 'SEQUENCE'

[2m2020-05-13 17:31:03.300[0;39m [32m INFO[0;39m [35m92408[0;39m [2m---[0;39m [2m[           main][0;39m [36mjdbc.sqlonly                            [0;39m [2m:[0;39m drop table if exists tbl_board

[2m2020-05-13 17:31:03.456[0;39m [32m INFO[0;39m [35m92408[0;39m [2m---[0;39m [2m[           main][0;39m [36mjdbc.sqlonly                            [0;39m [2m:[0;39m create table tbl_board (id bigint not null auto_increment, contents varchar(255), created_at datetime(6), title varchar(255), updated_at datetime(6), primary key (id)) engine=InnoDB

[2m2020-05-13 17:31:03.820[0;39m [32m INFO[0;39m [35m92408[0;39m [2m---[0;39m [2m[           main][0;39m [36mjdbc.sqlonly                            [0;39m [2m:[0;39m drop table if exists tbl_board

[2m2020-05-13 17:32:21.216[0;39m [32m INFO[0;39m [35m92585[0;39m [2m---[0;39m [2m[           main][0;39m [36mjdbc.sqlonly                            [0;39m [2m:[0;39m select table_name from information_schema.TABLES where table_schema = database() and table_type = 'SEQUENCE'

[2m2020-05-13 17:32:21.606[0;39m [32m INFO[0;39m [35m92585[0;39m [2m---[0;39m [2m[           main][0;39m [36mjdbc.sqlonly                            [0;39m [2m:[0;39m drop table if exists tbl_board

[2m2020-05-13 17:32:21.782[0;39m [32m INFO[0;39m [35m92585[0;39m [2m---[0;39m [2m[           main][0;39m [36mjdbc.sqlonly                            [0;39m [2m:[0;39m create table tbl_board (id bigint not null auto_increment, contents varchar(255), created_at datetime(6), title varchar(255), updated_at datetime(6), primary key (id)) engine=InnoDB

[2m2020-05-13 17:32:22.170[0;39m [32m INFO[0;39m [35m92585[0;39m [2m---[0;39m [2m[           main][0;39m [36mjdbc.sqlonly                            [0;39m [2m:[0;39m drop table if exists tbl_board

[2m2020-05-13 17:34:32.657[0;39m [32m INFO[0;39m [35m92944[0;39m [2m---[0;39m [2m[           main][0;39m [36mjdbc.sqlonly                            [0;39m [2m:[0;39m select table_name from information_schema.TABLES where table_schema = database() and table_type = 'SEQUENCE'

[2m2020-05-13 17:34:33.113[0;39m [32m INFO[0;39m [35m92944[0;39m [2m---[0;39m [2m[           main][0;39m [36mjdbc.sqlonly                            [0;39m [2m:[0;39m drop table if exists tbl_board

[2m2020-05-13 17:34:33.280[0;39m [32m INFO[0;39m [35m92944[0;39m [2m---[0;39m [2m[           main][0;39m [36mjdbc.sqlonly                            [0;39m [2m:[0;39m create table tbl_board (id bigint not null auto_increment, contents varchar(255), created_at datetime(6), title varchar(255), updated_at datetime(6), primary key (id)) engine=InnoDB

[2m2020-05-13 17:34:33.703[0;39m [32m INFO[0;39m [35m92944[0;39m [2m---[0;39m [2m[           main][0;39m [36mjdbc.sqlonly                            [0;39m [2m:[0;39m drop table if exists tbl_board

[2m2020-05-13 17:38:02.168[0;39m [32m INFO[0;39m [35m93382[0;39m [2m---[0;39m [2m[           main][0;39m [36mjdbc.sqlonly                            [0;39m [2m:[0;39m select table_name from information_schema.TABLES where table_schema = database() and table_type = 'SEQUENCE'

[2m2020-05-13 17:38:02.640[0;39m [32m INFO[0;39m [35m93382[0;39m [2m---[0;39m [2m[           main][0;39m [36mjdbc.sqlonly                            [0;39m [2m:[0;39m drop table if exists tbl_board

[2m2020-05-13 17:38:02.798[0;39m [32m INFO[0;39m [35m93382[0;39m [2m---[0;39m [2m[           main][0;39m [36mjdbc.sqlonly                            [0;39m [2m:[0;39m create table tbl_board (id bigint not null auto_increment, contents varchar(255), created_at datetime(6), title varchar(255), updated_at datetime(6), primary key (id)) engine=InnoDB

[2m2020-05-13 17:38:03.219[0;39m [32m INFO[0;39m [35m93382[0;39m [2m---[0;39m [2m[           main][0;39m [36mjdbc.sqlonly                            [0;39m [2m:[0;39m drop table if exists tbl_board

[2m2020-05-13 17:39:09.480[0;39m [32m INFO[0;39m [35m93583[0;39m [2m---[0;39m [2m[           main][0;39m [36mjdbc.sqlonly                            [0;39m [2m:[0;39m select table_name from information_schema.TABLES where table_schema = database() and table_type = 'SEQUENCE'

[2m2020-05-13 17:39:09.841[0;39m [32m INFO[0;39m [35m93583[0;39m [2m---[0;39m [2m[           main][0;39m [36mjdbc.sqlonly                            [0;39m [2m:[0;39m drop table if exists tbl_board

[2m2020-05-13 17:39:10.005[0;39m [32m INFO[0;39m [35m93583[0;39m [2m---[0;39m [2m[           main][0;39m [36mjdbc.sqlonly                            [0;39m [2m:[0;39m create table tbl_board (id bigint not null auto_increment, contents varchar(255), created_at datetime(6), title varchar(255), updated_at datetime(6), primary key (id)) engine=InnoDB

[2m2020-05-13 17:39:10.393[0;39m [32m INFO[0;39m [35m93583[0;39m [2m---[0;39m [2m[           main][0;39m [36mjdbc.sqlonly                            [0;39m [2m:[0;39m drop table if exists tbl_board

[2m2020-05-13 17:42:25.030[0;39m [32m INFO[0;39m [35m94622[0;39m [2m---[0;39m [2m[           main][0;39m [36mjdbc.sqlonly                            [0;39m [2m:[0;39m select table_name from information_schema.TABLES where table_schema = database() and table_type = 'SEQUENCE'

[2m2020-05-13 17:42:25.488[0;39m [32m INFO[0;39m [35m94622[0;39m [2m---[0;39m [2m[           main][0;39m [36mjdbc.sqlonly                            [0;39m [2m:[0;39m drop table if exists tbl_board

[2m2020-05-13 17:42:25.668[0;39m [32m INFO[0;39m [35m94622[0;39m [2m---[0;39m [2m[           main][0;39m [36mjdbc.sqlonly                            [0;39m [2m:[0;39m create table tbl_board (id bigint not null auto_increment, contents varchar(255), created_at datetime(6), title varchar(255), updated_at datetime(6), primary key (id)) engine=InnoDB

[2m2020-05-13 17:42:26.089[0;39m [32m INFO[0;39m [35m94622[0;39m [2m---[0;39m [2m[           main][0;39m [36mjdbc.sqlonly                            [0;39m [2m:[0;39m drop table if exists tbl_board

[2m2020-05-13 17:42:42.764[0;39m [32m INFO[0;39m [35m94764[0;39m [2m---[0;39m [2m[           main][0;39m [36mjdbc.sqlonly                            [0;39m [2m:[0;39m select table_name from information_schema.TABLES where table_schema = database() and table_type = 'SEQUENCE'

[2m2020-05-13 17:42:43.247[0;39m [32m INFO[0;39m [35m94764[0;39m [2m---[0;39m [2m[           main][0;39m [36mjdbc.sqlonly                            [0;39m [2m:[0;39m drop table if exists tbl_board

[2m2020-05-13 17:42:43.426[0;39m [32m INFO[0;39m [35m94764[0;39m [2m---[0;39m [2m[           main][0;39m [36mjdbc.sqlonly                            [0;39m [2m:[0;39m create table tbl_board (id bigint not null auto_increment, contents varchar(255), created_at datetime(6), title varchar(255), updated_at datetime(6), primary key (id)) engine=InnoDB

[2m2020-05-13 17:42:43.850[0;39m [32m INFO[0;39m [35m94764[0;39m [2m---[0;39m [2m[           main][0;39m [36mjdbc.sqlonly                            [0;39m [2m:[0;39m drop table if exists tbl_board

[2m2020-05-13 17:43:26.638[0;39m [32m INFO[0;39m [35m94917[0;39m [2m---[0;39m [2m[           main][0;39m [36mjdbc.sqlonly                            [0;39m [2m:[0;39m select table_name from information_schema.TABLES where table_schema = database() and table_type = 'SEQUENCE'

[2m2020-05-13 17:43:27.125[0;39m [32m INFO[0;39m [35m94917[0;39m [2m---[0;39m [2m[           main][0;39m [36mjdbc.sqlonly                            [0;39m [2m:[0;39m drop table if exists tbl_board

[2m2020-05-13 17:43:27.285[0;39m [32m INFO[0;39m [35m94917[0;39m [2m---[0;39m [2m[           main][0;39m [36mjdbc.sqlonly                            [0;39m [2m:[0;39m create table tbl_board (id bigint not null auto_increment, contents varchar(255), created_at datetime(6), title varchar(255), updated_at datetime(6), primary key (id)) engine=InnoDB

[2m2020-05-13 17:43:27.711[0;39m [32m INFO[0;39m [35m94917[0;39m [2m---[0;39m [2m[           main][0;39m [36mjdbc.sqlonly                            [0;39m [2m:[0;39m drop table if exists tbl_board

[2m2020-05-13 17:43:41.896[0;39m [32m INFO[0;39m [35m95061[0;39m [2m---[0;39m [2m[           main][0;39m [36mjdbc.sqlonly                            [0;39m [2m:[0;39m select table_name from information_schema.TABLES where table_schema = database() and table_type = 'SEQUENCE'

[2m2020-05-13 17:43:42.421[0;39m [32m INFO[0;39m [35m95061[0;39m [2m---[0;39m [2m[           main][0;39m [36mjdbc.sqlonly                            [0;39m [2m:[0;39m drop table if exists tbl_board

[2m2020-05-13 17:43:42.583[0;39m [32m INFO[0;39m [35m95061[0;39m [2m---[0;39m [2m[           main][0;39m [36mjdbc.sqlonly                            [0;39m [2m:[0;39m create table tbl_board (id bigint not null auto_increment, contents varchar(255), created_at datetime(6), title varchar(255), updated_at datetime(6), primary key (id)) engine=InnoDB

[2m2020-05-13 17:44:09.929[0;39m [32m INFO[0;39m [35m95061[0;39m [2m---[0;39m [2m[extShutdownHook][0;39m [36mjdbc.sqlonly                            [0;39m [2m:[0;39m drop table if exists tbl_board

[2m2020-05-13 17:44:13.845[0;39m [32m INFO[0;39m [35m95155[0;39m [2m---[0;39m [2m[           main][0;39m [36mjdbc.sqlonly                            [0;39m [2m:[0;39m select table_name from information_schema.TABLES where table_schema = database() and table_type = 'SEQUENCE'

[2m2020-05-13 17:44:14.340[0;39m [32m INFO[0;39m [35m95155[0;39m [2m---[0;39m [2m[           main][0;39m [36mjdbc.sqlonly                            [0;39m [2m:[0;39m drop table if exists tbl_board

[2m2020-05-13 17:44:14.540[0;39m [32m INFO[0;39m [35m95155[0;39m [2m---[0;39m [2m[           main][0;39m [36mjdbc.sqlonly                            [0;39m [2m:[0;39m create table tbl_board (id bigint not null auto_increment, contents varchar(255), created_at datetime(6), title varchar(255), updated_at datetime(6), primary key (id)) engine=InnoDB

[2m2020-05-13 17:44:40.033[0;39m [32m INFO[0;39m [35m95155[0;39m [2m---[0;39m [2m[extShutdownHook][0;39m [36mjdbc.sqlonly                            [0;39m [2m:[0;39m drop table if exists tbl_board

[2m2020-05-13 17:44:43.892[0;39m [32m INFO[0;39m [35m95282[0;39m [2m---[0;39m [2m[           main][0;39m [36mjdbc.sqlonly                            [0;39m [2m:[0;39m select table_name from information_schema.TABLES where table_schema = database() and table_type = 'SEQUENCE'

[2m2020-05-13 17:44:44.315[0;39m [32m INFO[0;39m [35m95282[0;39m [2m---[0;39m [2m[           main][0;39m [36mjdbc.sqlonly                            [0;39m [2m:[0;39m drop table if exists tbl_board

[2m2020-05-13 17:44:44.480[0;39m [32m INFO[0;39m [35m95282[0;39m [2m---[0;39m [2m[           main][0;39m [36mjdbc.sqlonly                            [0;39m [2m:[0;39m create table tbl_board (id bigint not null auto_increment, contents varchar(255), created_at datetime(6), title varchar(255), updated_at datetime(6), primary key (id)) engine=InnoDB

[2m2020-05-13 17:45:22.638[0;39m [32m INFO[0;39m [35m95282[0;39m [2m---[0;39m [2m[extShutdownHook][0;39m [36mjdbc.sqlonly                            [0;39m [2m:[0;39m drop table if exists tbl_board

[2m2020-05-13 17:45:26.996[0;39m [32m INFO[0;39m [35m95431[0;39m [2m---[0;39m [2m[           main][0;39m [36mjdbc.sqlonly                            [0;39m [2m:[0;39m select table_name from information_schema.TABLES where table_schema = database() and table_type = 'SEQUENCE'

[2m2020-05-13 17:45:27.473[0;39m [32m INFO[0;39m [35m95431[0;39m [2m---[0;39m [2m[           main][0;39m [36mjdbc.sqlonly                            [0;39m [2m:[0;39m drop table if exists tbl_board

[2m2020-05-13 17:45:27.668[0;39m [32m INFO[0;39m [35m95431[0;39m [2m---[0;39m [2m[           main][0;39m [36mjdbc.sqlonly                            [0;39m [2m:[0;39m create table tbl_board (id bigint not null auto_increment, contents varchar(255), created_at datetime(6), title varchar(255), updated_at datetime(6), primary key (id)) engine=InnoDB

[2m2020-05-13 17:45:28.112[0;39m [32m INFO[0;39m [35m95431[0;39m [2m---[0;39m [2m[           main][0;39m [36mjdbc.sqlonly                            [0;39m [2m:[0;39m drop table if exists tbl_board

[2m2020-05-13 17:45:38.868[0;39m [32m INFO[0;39m [35m95563[0;39m [2m---[0;39m [2m[           main][0;39m [36mjdbc.sqlonly                            [0;39m [2m:[0;39m select table_name from information_schema.TABLES where table_schema = database() and table_type = 'SEQUENCE'

[2m2020-05-13 17:45:39.225[0;39m [32m INFO[0;39m [35m95563[0;39m [2m---[0;39m [2m[           main][0;39m [36mjdbc.sqlonly                            [0;39m [2m:[0;39m drop table if exists tbl_board

[2m2020-05-13 17:45:39.380[0;39m [32m INFO[0;39m [35m95563[0;39m [2m---[0;39m [2m[           main][0;39m [36mjdbc.sqlonly                            [0;39m [2m:[0;39m create table tbl_board (id bigint not null auto_increment, contents varchar(255), created_at datetime(6), title varchar(255), updated_at datetime(6), primary key (id)) engine=InnoDB

[2m2020-05-13 17:45:39.761[0;39m [32m INFO[0;39m [35m95563[0;39m [2m---[0;39m [2m[           main][0;39m [36mjdbc.sqlonly                            [0;39m [2m:[0;39m drop table if exists tbl_board

[2m2020-05-13 17:46:35.625[0;39m [32m INFO[0;39m [35m95737[0;39m [2m---[0;39m [2m[           main][0;39m [36mjdbc.sqlonly                            [0;39m [2m:[0;39m select table_name from information_schema.TABLES where table_schema = database() and table_type = 'SEQUENCE'

[2m2020-05-13 17:46:36.068[0;39m [32m INFO[0;39m [35m95737[0;39m [2m---[0;39m [2m[           main][0;39m [36mjdbc.sqlonly                            [0;39m [2m:[0;39m drop table if exists tbl_board

[2m2020-05-13 17:46:36.245[0;39m [32m INFO[0;39m [35m95737[0;39m [2m---[0;39m [2m[           main][0;39m [36mjdbc.sqlonly                            [0;39m [2m:[0;39m create table tbl_board (id bigint not null auto_increment, contents varchar(255), created_at datetime(6), title varchar(255), updated_at datetime(6), primary key (id)) engine=InnoDB

[2m2020-05-13 17:46:36.675[0;39m [32m INFO[0;39m [35m95737[0;39m [2m---[0;39m [2m[           main][0;39m [36mjdbc.sqlonly                            [0;39m [2m:[0;39m drop table if exists tbl_board

[2m2020-05-13 17:47:04.814[0;39m [32m INFO[0;39m [35m95837[0;39m [2m---[0;39m [2m[           main][0;39m [36mjdbc.sqlonly                            [0;39m [2m:[0;39m select table_name from information_schema.TABLES where table_schema = database() and table_type = 'SEQUENCE'

[2m2020-05-13 17:47:05.229[0;39m [32m INFO[0;39m [35m95837[0;39m [2m---[0;39m [2m[           main][0;39m [36mjdbc.sqlonly                            [0;39m [2m:[0;39m drop table if exists tbl_board

[2m2020-05-13 17:47:05.384[0;39m [32m INFO[0;39m [35m95837[0;39m [2m---[0;39m [2m[           main][0;39m [36mjdbc.sqlonly                            [0;39m [2m:[0;39m create table tbl_board (id bigint not null auto_increment, contents varchar(255), created_at datetime(6), title varchar(255), updated_at datetime(6), primary key (id)) engine=InnoDB

[2m2020-05-13 17:47:05.798[0;39m [32m INFO[0;39m [35m95837[0;39m [2m---[0;39m [2m[           main][0;39m [36mjdbc.sqlonly                            [0;39m [2m:[0;39m drop table if exists tbl_board

[2m2020-05-13 17:47:45.954[0;39m [32m INFO[0;39m [35m96232[0;39m [2m---[0;39m [2m[           main][0;39m [36mjdbc.sqlonly                            [0;39m [2m:[0;39m select table_name from information_schema.TABLES where table_schema = database() and table_type = 'SEQUENCE'

[2m2020-05-13 17:47:46.723[0;39m [32m INFO[0;39m [35m96232[0;39m [2m---[0;39m [2m[           main][0;39m [36mjdbc.sqlonly                            [0;39m [2m:[0;39m drop table if exists tbl_board

[2m2020-05-13 17:47:46.886[0;39m [32m INFO[0;39m [35m96232[0;39m [2m---[0;39m [2m[           main][0;39m [36mjdbc.sqlonly                            [0;39m [2m:[0;39m create table tbl_board (id bigint not null auto_increment, contents varchar(255), created_at datetime(6), title varchar(255), updated_at datetime(6), primary key (id)) engine=InnoDB

[2m2020-05-13 17:49:29.024[0;39m [32m INFO[0;39m [35m96232[0;39m [2m---[0;39m [2m[extShutdownHook][0;39m [36mjdbc.sqlonly                            [0;39m [2m:[0;39m drop table if exists tbl_board

[2m2020-05-13 17:49:32.612[0;39m [32m INFO[0;39m [35m96688[0;39m [2m---[0;39m [2m[           main][0;39m [36mjdbc.sqlonly                            [0;39m [2m:[0;39m select table_name from information_schema.TABLES where table_schema = database() and table_type = 'SEQUENCE'

[2m2020-05-13 17:49:32.974[0;39m [32m INFO[0;39m [35m96688[0;39m [2m---[0;39m [2m[           main][0;39m [36mjdbc.sqlonly                            [0;39m [2m:[0;39m drop table if exists tbl_board

[2m2020-05-13 17:49:33.148[0;39m [32m INFO[0;39m [35m96688[0;39m [2m---[0;39m [2m[           main][0;39m [36mjdbc.sqlonly                            [0;39m [2m:[0;39m create table tbl_board (id bigint not null auto_increment, contents varchar(255), created_at datetime(6), title varchar(255), updated_at datetime(6), primary key (id)) engine=InnoDB

[2m2020-05-13 17:49:33.534[0;39m [32m INFO[0;39m [35m96688[0;39m [2m---[0;39m [2m[           main][0;39m [36mjdbc.sqlonly                            [0;39m [2m:[0;39m drop table if exists tbl_board

[2m2020-05-13 17:51:37.732[0;39m [32m INFO[0;39m [35m97133[0;39m [2m---[0;39m [2m[           main][0;39m [36mjdbc.sqlonly                            [0;39m [2m:[0;39m select table_name from information_schema.TABLES where table_schema = database() and table_type = 'SEQUENCE'

[2m2020-05-13 17:51:38.206[0;39m [32m INFO[0;39m [35m97133[0;39m [2m---[0;39m [2m[           main][0;39m [36mjdbc.sqlonly                            [0;39m [2m:[0;39m drop table if exists tbl_board

[2m2020-05-13 17:51:38.393[0;39m [32m INFO[0;39m [35m97133[0;39m [2m---[0;39m [2m[           main][0;39m [36mjdbc.sqlonly                            [0;39m [2m:[0;39m create table tbl_board (id bigint not null auto_increment, contents varchar(255), created_at datetime(6), title varchar(255), updated_at datetime(6), primary key (id)) engine=InnoDB

[2m2020-05-13 17:51:38.807[0;39m [32m INFO[0;39m [35m97133[0;39m [2m---[0;39m [2m[           main][0;39m [36mjdbc.sqlonly                            [0;39m [2m:[0;39m drop table if exists tbl_board

[2m2020-05-13 18:02:51.714[0;39m [32m INFO[0;39m [35m98467[0;39m [2m---[0;39m [2m[           main][0;39m [36mjdbc.sqlonly                            [0;39m [2m:[0;39m select table_name from information_schema.TABLES where table_schema = database() and table_type = 'SEQUENCE'

[2m2020-05-13 18:02:52.197[0;39m [32m INFO[0;39m [35m98467[0;39m [2m---[0;39m [2m[           main][0;39m [36mjdbc.sqlonly                            [0;39m [2m:[0;39m drop table if exists tbl_board

[2m2020-05-13 18:02:52.371[0;39m [32m INFO[0;39m [35m98467[0;39m [2m---[0;39m [2m[           main][0;39m [36mjdbc.sqlonly                            [0;39m [2m:[0;39m create table tbl_board (id bigint not null auto_increment, contents varchar(255), created_at datetime(6), title varchar(255), updated_at datetime(6), primary key (id)) engine=InnoDB

[2m2020-05-13 18:02:52.789[0;39m [32m INFO[0;39m [35m98467[0;39m [2m---[0;39m [2m[           main][0;39m [36mjdbc.sqlonly                            [0;39m [2m:[0;39m drop table if exists tbl_board

[2m2020-05-13 18:05:28.690[0;39m [32m INFO[0;39m [35m98832[0;39m [2m---[0;39m [2m[           main][0;39m [36mjdbc.sqlonly                            [0;39m [2m:[0;39m select table_name from information_schema.TABLES where table_schema = database() and table_type = 'SEQUENCE'

[2m2020-05-13 18:05:29.052[0;39m [32m INFO[0;39m [35m98832[0;39m [2m---[0;39m [2m[           main][0;39m [36mjdbc.sqlonly                            [0;39m [2m:[0;39m drop table if exists tbl_board

[2m2020-05-13 18:05:29.228[0;39m [32m INFO[0;39m [35m98832[0;39m [2m---[0;39m [2m[           main][0;39m [36mjdbc.sqlonly                            [0;39m [2m:[0;39m create table tbl_board (id bigint not null auto_increment, contents varchar(255), created_at datetime(6), title varchar(255), updated_at datetime(6), primary key (id)) engine=InnoDB

[2m2020-05-13 18:05:29.618[0;39m [32m INFO[0;39m [35m98832[0;39m [2m---[0;39m [2m[           main][0;39m [36mjdbc.sqlonly                            [0;39m [2m:[0;39m drop table if exists tbl_board

[2m2020-05-13 18:06:30.695[0;39m [32m INFO[0;39m [35m99015[0;39m [2m---[0;39m [2m[           main][0;39m [36mjdbc.sqlonly                            [0;39m [2m:[0;39m select table_name from information_schema.TABLES where table_schema = database() and table_type = 'SEQUENCE'

[2m2020-05-13 18:06:31.053[0;39m [32m INFO[0;39m [35m99015[0;39m [2m---[0;39m [2m[           main][0;39m [36mjdbc.sqlonly                            [0;39m [2m:[0;39m drop table if exists tbl_board

[2m2020-05-13 18:06:31.210[0;39m [32m INFO[0;39m [35m99015[0;39m [2m---[0;39m [2m[           main][0;39m [36mjdbc.sqlonly                            [0;39m [2m:[0;39m create table tbl_board (id bigint not null auto_increment, contents varchar(255), created_at datetime(6), title varchar(255), updated_at datetime(6), primary key (id)) engine=InnoDB

[2m2020-05-13 18:07:15.066[0;39m [32m INFO[0;39m [35m99015[0;39m [2m---[0;39m [2m[extShutdownHook][0;39m [36mjdbc.sqlonly                            [0;39m [2m:[0;39m drop table if exists tbl_board

[2m2020-05-13 18:07:18.757[0;39m [32m INFO[0;39m [35m99200[0;39m [2m---[0;39m [2m[           main][0;39m [36mjdbc.sqlonly                            [0;39m [2m:[0;39m select table_name from information_schema.TABLES where table_schema = database() and table_type = 'SEQUENCE'

[2m2020-05-13 18:07:19.115[0;39m [32m INFO[0;39m [35m99200[0;39m [2m---[0;39m [2m[           main][0;39m [36mjdbc.sqlonly                            [0;39m [2m:[0;39m drop table if exists tbl_board

[2m2020-05-13 18:07:19.274[0;39m [32m INFO[0;39m [35m99200[0;39m [2m---[0;39m [2m[           main][0;39m [36mjdbc.sqlonly                            [0;39m [2m:[0;39m create table tbl_board (id bigint not null auto_increment, contents varchar(255), created_at datetime(6), title varchar(255), updated_at datetime(6), primary key (id)) engine=InnoDB

[2m2020-05-13 18:07:45.911[0;39m [32m INFO[0;39m [35m99200[0;39m [2m---[0;39m [2m[extShutdownHook][0;39m [36mjdbc.sqlonly                            [0;39m [2m:[0;39m drop table if exists tbl_board

[2m2020-05-13 18:07:55.774[0;39m [32m INFO[0;39m [35m99396[0;39m [2m---[0;39m [2m[           main][0;39m [36mjdbc.sqlonly                            [0;39m [2m:[0;39m select table_name from information_schema.TABLES where table_schema = database() and table_type = 'SEQUENCE'

[2m2020-05-13 18:07:56.133[0;39m [32m INFO[0;39m [35m99396[0;39m [2m---[0;39m [2m[           main][0;39m [36mjdbc.sqlonly                            [0;39m [2m:[0;39m drop table if exists tbl_board

[2m2020-05-13 18:07:56.289[0;39m [32m INFO[0;39m [35m99396[0;39m [2m---[0;39m [2m[           main][0;39m [36mjdbc.sqlonly                            [0;39m [2m:[0;39m create table tbl_board (id bigint not null auto_increment, contents varchar(255), created_at datetime(6), title varchar(255), updated_at datetime(6), primary key (id)) engine=InnoDB

[2m2020-05-13 18:08:09.938[0;39m [32m INFO[0;39m [35m99396[0;39m [2m---[0;39m [2m[nio-8080-exec-1][0;39m [36mjdbc.sqlonly                            [0;39m [2m:[0;39m select board0_.id as id1_0_, board0_.contents as contents2_0_, board0_.created_at as created_3_0_, board0_.title as title4_0_, board0_.updated_at as updated_5_0_ from tbl_board board0_ limit 10

[2m2020-05-13 18:09:12.522[0;39m [32m INFO[0;39m [35m99396[0;39m [2m---[0;39m [2m[extShutdownHook][0;39m [36mjdbc.sqlonly                            [0;39m [2m:[0;39m drop table if exists tbl_board

[2m2020-05-13 18:09:16.131[0;39m [32m INFO[0;39m [35m99622[0;39m [2m---[0;39m [2m[           main][0;39m [36mjdbc.sqlonly                            [0;39m [2m:[0;39m select table_name from information_schema.TABLES where table_schema = database() and table_type = 'SEQUENCE'

[2m2020-05-13 18:09:16.578[0;39m [32m INFO[0;39m [35m99622[0;39m [2m---[0;39m [2m[           main][0;39m [36mjdbc.sqlonly                            [0;39m [2m:[0;39m drop table if exists tbl_board

[2m2020-05-13 18:09:16.732[0;39m [32m INFO[0;39m [35m99622[0;39m [2m---[0;39m [2m[           main][0;39m [36mjdbc.sqlonly                            [0;39m [2m:[0;39m create table tbl_board (id bigint not null auto_increment, contents varchar(255), created_at datetime(6), title varchar(255), updated_at datetime(6), primary key (id)) engine=InnoDB

[2m2020-05-13 18:09:32.418[0;39m [32m INFO[0;39m [35m99622[0;39m [2m---[0;39m [2m[nio-8080-exec-1][0;39m [36mjdbc.sqlonly                            [0;39m [2m:[0;39m select board0_.id as id1_0_, board0_.contents as contents2_0_, board0_.created_at as created_3_0_, board0_.title as title4_0_, board0_.updated_at as updated_5_0_ from tbl_board board0_ limit 10

[2m2020-05-13 18:09:34.623[0;39m [32m INFO[0;39m [35m99622[0;39m [2m---[0;39m [2m[nio-8080-exec-2][0;39m [36mjdbc.sqlonly                            [0;39m [2m:[0;39m select board0_.id as id1_0_, board0_.contents as contents2_0_, board0_.created_at as created_3_0_, board0_.title as title4_0_, board0_.updated_at as updated_5_0_ from tbl_board board0_ limit 10

[2m2020-05-13 18:09:36.271[0;39m [32m INFO[0;39m [35m99622[0;39m [2m---[0;39m [2m[nio-8080-exec-3][0;39m [36mjdbc.sqlonly                            [0;39m [2m:[0;39m select board0_.id as id1_0_, board0_.contents as contents2_0_, board0_.created_at as created_3_0_, board0_.title as title4_0_, board0_.updated_at as updated_5_0_ from tbl_board board0_ limit 10

[2m2020-05-13 18:10:00.650[0;39m [32m INFO[0;39m [35m99622[0;39m [2m---[0;39m [2m[nio-8080-exec-4][0;39m [36mjdbc.sqlonly                            [0;39m [2m:[0;39m select board0_.id as id1_0_, board0_.contents as contents2_0_, board0_.created_at as created_3_0_, board0_.title as title4_0_, board0_.updated_at as updated_5_0_ from tbl_board board0_ limit 10

[2m2020-05-13 18:11:28.879[0;39m [32m INFO[0;39m [35m99622[0;39m [2m---[0;39m [2m[nio-8080-exec-8][0;39m [36mjdbc.sqlonly                            [0;39m [2m:[0;39m select board0_.id as id1_0_, board0_.contents as contents2_0_, board0_.created_at as created_3_0_, board0_.title as title4_0_, board0_.updated_at as updated_5_0_ from tbl_board board0_ limit 10

[2m2020-05-13 18:11:29.033[0;39m [32m INFO[0;39m [35m99622[0;39m [2m---[0;39m [2m[nio-8080-exec-8][0;39m [36mjdbc.sqlonly                            [0;39m [2m:[0;39m select count(board0_.id) as col_0_0_ from tbl_board board0_

[2m2020-05-13 18:14:33.343[0;39m [32m INFO[0;39m [35m99622[0;39m [2m---[0;39m [2m[extShutdownHook][0;39m [36mjdbc.sqlonly                            [0;39m [2m:[0;39m drop table if exists tbl_board

[2m2020-05-13 18:14:37.971[0;39m [32m INFO[0;39m [35m494[0;39m [2m---[0;39m [2m[           main][0;39m [36mjdbc.sqlonly                            [0;39m [2m:[0;39m select table_name from information_schema.TABLES where table_schema = database() and table_type = 'SEQUENCE'

[2m2020-05-13 18:14:38.422[0;39m [32m INFO[0;39m [35m494[0;39m [2m---[0;39m [2m[           main][0;39m [36mjdbc.sqlonly                            [0;39m [2m:[0;39m drop table if exists tbl_board

[2m2020-05-13 18:14:38.577[0;39m [32m INFO[0;39m [35m494[0;39m [2m---[0;39m [2m[           main][0;39m [36mjdbc.sqlonly                            [0;39m [2m:[0;39m create table tbl_board (id bigint not null auto_increment, contents varchar(255), created_at datetime(6), title varchar(255), updated_at datetime(6), primary key (id)) engine=InnoDB

[2m2020-05-13 18:14:38.976[0;39m [32m INFO[0;39m [35m494[0;39m [2m---[0;39m [2m[           main][0;39m [36mjdbc.sqlonly                            [0;39m [2m:[0;39m drop table if exists tbl_board

[2m2020-05-13 18:15:23.207[0;39m [32m INFO[0;39m [35m674[0;39m [2m---[0;39m [2m[           main][0;39m [36mjdbc.sqlonly                            [0;39m [2m:[0;39m select table_name from information_schema.TABLES where table_schema = database() and table_type = 'SEQUENCE'

[2m2020-05-13 18:15:23.594[0;39m [32m INFO[0;39m [35m674[0;39m [2m---[0;39m [2m[           main][0;39m [36mjdbc.sqlonly                            [0;39m [2m:[0;39m drop table if exists tbl_board

[2m2020-05-13 18:15:23.750[0;39m [32m INFO[0;39m [35m674[0;39m [2m---[0;39m [2m[           main][0;39m [36mjdbc.sqlonly                            [0;39m [2m:[0;39m create table tbl_board (id bigint not null auto_increment, contents varchar(255), created_at datetime(6), title varchar(255), updated_at datetime(6), primary key (id)) engine=InnoDB

[2m2020-05-13 18:15:24.122[0;39m [32m INFO[0;39m [35m674[0;39m [2m---[0;39m [2m[           main][0;39m [36mjdbc.sqlonly                            [0;39m [2m:[0;39m drop table if exists tbl_board

[2m2020-05-13 18:18:11.476[0;39m [32m INFO[0;39m [35m1101[0;39m [2m---[0;39m [2m[           main][0;39m [36mjdbc.sqlonly                            [0;39m [2m:[0;39m select table_name from information_schema.TABLES where table_schema = database() and table_type = 'SEQUENCE'

[2m2020-05-13 18:18:11.886[0;39m [32m INFO[0;39m [35m1101[0;39m [2m---[0;39m [2m[           main][0;39m [36mjdbc.sqlonly                            [0;39m [2m:[0;39m drop table if exists tbl_board

[2m2020-05-13 18:18:12.075[0;39m [32m INFO[0;39m [35m1101[0;39m [2m---[0;39m [2m[           main][0;39m [36mjdbc.sqlonly                            [0;39m [2m:[0;39m create table tbl_board (id bigint not null auto_increment, contents varchar(255), created_at datetime(6), title varchar(255), updated_at datetime(6), primary key (id)) engine=InnoDB

[2m2020-05-13 18:18:12.491[0;39m [32m INFO[0;39m [35m1101[0;39m [2m---[0;39m [2m[           main][0;39m [36mjdbc.sqlonly                            [0;39m [2m:[0;39m drop table if exists tbl_board

[2m2020-05-13 18:29:19.441[0;39m [32m INFO[0;39m [35m2185[0;39m [2m---[0;39m [2m[           main][0;39m [36mjdbc.sqlonly                            [0;39m [2m:[0;39m select table_name from information_schema.TABLES where table_schema = database() and table_type = 'SEQUENCE'

[2m2020-05-13 18:29:19.942[0;39m [32m INFO[0;39m [35m2185[0;39m [2m---[0;39m [2m[           main][0;39m [36mjdbc.sqlonly                            [0;39m [2m:[0;39m drop table if exists tbl_board

[2m2020-05-13 18:29:20.123[0;39m [32m INFO[0;39m [35m2185[0;39m [2m---[0;39m [2m[           main][0;39m [36mjdbc.sqlonly                            [0;39m [2m:[0;39m create table tbl_board (id bigint not null auto_increment, contents varchar(255), created_at datetime(6), title varchar(255), updated_at datetime(6), primary key (id)) engine=InnoDB

[2m2020-05-13 18:29:22.721[0;39m [32m INFO[0;39m [35m2185[0;39m [2m---[0;39m [2m[nio-8080-exec-1][0;39m [36mjdbc.sqlonly                            [0;39m [2m:[0;39m select board0_.id as id1_0_, board0_.contents as contents2_0_, board0_.created_at as created_3_0_, board0_.title as title4_0_, board0_.updated_at as updated_5_0_ from tbl_board board0_ limit 10

[2m2020-05-13 18:31:44.919[0;39m [32m INFO[0;39m [35m2185[0;39m [2m---[0;39m [2m[extShutdownHook][0;39m [36mjdbc.sqlonly                            [0;39m [2m:[0;39m drop table if exists tbl_board

[2m2020-05-13 18:31:49.353[0;39m [32m INFO[0;39m [35m2522[0;39m [2m---[0;39m [2m[           main][0;39m [36mjdbc.sqlonly                            [0;39m [2m:[0;39m select table_name from information_schema.TABLES where table_schema = database() and table_type = 'SEQUENCE'

[2m2020-05-13 18:31:49.845[0;39m [32m INFO[0;39m [35m2522[0;39m [2m---[0;39m [2m[           main][0;39m [36mjdbc.sqlonly                            [0;39m [2m:[0;39m drop table if exists tbl_board

[2m2020-05-13 18:31:50.016[0;39m [32m INFO[0;39m [35m2522[0;39m [2m---[0;39m [2m[           main][0;39m [36mjdbc.sqlonly                            [0;39m [2m:[0;39m create table tbl_board (id bigint not null auto_increment, contents varchar(255), created_at datetime(6), title varchar(255), updated_at datetime(6), primary key (id)) engine=InnoDB

[2m2020-05-13 18:31:50.438[0;39m [32m INFO[0;39m [35m2522[0;39m [2m---[0;39m [2m[           main][0;39m [36mjdbc.sqlonly                            [0;39m [2m:[0;39m drop table if exists tbl_board

[2m2020-05-13 18:32:33.081[0;39m [32m INFO[0;39m [35m2616[0;39m [2m---[0;39m [2m[           main][0;39m [36mjdbc.sqlonly                            [0;39m [2m:[0;39m select table_name from information_schema.TABLES where table_schema = database() and table_type = 'SEQUENCE'

[2m2020-05-13 18:32:33.445[0;39m [32m INFO[0;39m [35m2616[0;39m [2m---[0;39m [2m[           main][0;39m [36mjdbc.sqlonly                            [0;39m [2m:[0;39m drop table if exists tbl_board

[2m2020-05-13 18:32:33.603[0;39m [32m INFO[0;39m [35m2616[0;39m [2m---[0;39m [2m[           main][0;39m [36mjdbc.sqlonly                            [0;39m [2m:[0;39m create table tbl_board (id bigint not null auto_increment, contents varchar(255), created_at datetime(6), title varchar(255), updated_at datetime(6), primary key (id)) engine=InnoDB

[2m2020-05-13 18:32:43.179[0;39m [32m INFO[0;39m [35m2616[0;39m [2m---[0;39m [2m[extShutdownHook][0;39m [36mjdbc.sqlonly                            [0;39m [2m:[0;39m drop table if exists tbl_board

[2m2020-05-13 18:32:47.405[0;39m [32m INFO[0;39m [35m2667[0;39m [2m---[0;39m [2m[           main][0;39m [36mjdbc.sqlonly                            [0;39m [2m:[0;39m select table_name from information_schema.TABLES where table_schema = database() and table_type = 'SEQUENCE'

[2m2020-05-13 18:32:47.791[0;39m [32m INFO[0;39m [35m2667[0;39m [2m---[0;39m [2m[           main][0;39m [36mjdbc.sqlonly                            [0;39m [2m:[0;39m drop table if exists tbl_board

[2m2020-05-13 18:32:47.947[0;39m [32m INFO[0;39m [35m2667[0;39m [2m---[0;39m [2m[           main][0;39m [36mjdbc.sqlonly                            [0;39m [2m:[0;39m create table tbl_board (id bigint not null auto_increment, contents varchar(255), created_at datetime(6), title varchar(255), updated_at datetime(6), primary key (id)) engine=InnoDB

[2m2020-05-13 18:32:48.330[0;39m [32m INFO[0;39m [35m2667[0;39m [2m---[0;39m [2m[           main][0;39m [36mjdbc.sqlonly                            [0;39m [2m:[0;39m drop table if exists tbl_board

[2m2020-05-13 18:32:54.215[0;39m [32m INFO[0;39m [35m2682[0;39m [2m---[0;39m [2m[           main][0;39m [36mjdbc.sqlonly                            [0;39m [2m:[0;39m select table_name from information_schema.TABLES where table_schema = database() and table_type = 'SEQUENCE'

[2m2020-05-13 18:32:54.579[0;39m [32m INFO[0;39m [35m2682[0;39m [2m---[0;39m [2m[           main][0;39m [36mjdbc.sqlonly                            [0;39m [2m:[0;39m drop table if exists tbl_board

[2m2020-05-13 18:32:54.756[0;39m [32m INFO[0;39m [35m2682[0;39m [2m---[0;39m [2m[           main][0;39m [36mjdbc.sqlonly                            [0;39m [2m:[0;39m create table tbl_board (id bigint not null auto_increment, contents varchar(255), created_at datetime(6), title varchar(255), updated_at datetime(6), primary key (id)) engine=InnoDB

[2m2020-05-13 18:33:21.891[0;39m [32m INFO[0;39m [35m2682[0;39m [2m---[0;39m [2m[extShutdownHook][0;39m [36mjdbc.sqlonly                            [0;39m [2m:[0;39m drop table if exists tbl_board

[2m2020-05-13 18:33:33.690[0;39m [32m INFO[0;39m [35m2828[0;39m [2m---[0;39m [2m[           main][0;39m [36mjdbc.sqlonly                            [0;39m [2m:[0;39m select table_name from information_schema.TABLES where table_schema = database() and table_type = 'SEQUENCE'

[2m2020-05-13 18:33:34.078[0;39m [32m INFO[0;39m [35m2828[0;39m [2m---[0;39m [2m[           main][0;39m [36mjdbc.sqlonly                            [0;39m [2m:[0;39m drop table if exists tbl_board

[2m2020-05-13 18:33:34.236[0;39m [32m INFO[0;39m [35m2828[0;39m [2m---[0;39m [2m[           main][0;39m [36mjdbc.sqlonly                            [0;39m [2m:[0;39m create table tbl_board (id bigint not null auto_increment, contents varchar(255), created_at datetime(6), title varchar(255), updated_at datetime(6), primary key (id)) engine=InnoDB

[2m2020-05-13 18:34:05.211[0;39m [32m INFO[0;39m [35m2828[0;39m [2m---[0;39m [2m[nio-8080-exec-1][0;39m [36mjdbc.sqlonly                            [0;39m [2m:[0;39m select board0_.id as id1_0_, board0_.contents as contents2_0_, board0_.created_at as created_3_0_, board0_.title as title4_0_, board0_.updated_at as updated_5_0_ from tbl_board board0_ where board0_.title='' limit 10

[2m2020-05-13 18:34:16.801[0;39m [32m INFO[0;39m [35m2828[0;39m [2m---[0;39m [2m[nio-8080-exec-3][0;39m [36mjdbc.sqlonly                            [0;39m [2m:[0;39m select board0_.id as id1_0_, board0_.contents as contents2_0_, board0_.created_at as created_3_0_, board0_.title as title4_0_, board0_.updated_at as updated_5_0_ from tbl_board board0_ where board0_.title='' limit 10

[2m2020-05-13 18:35:10.043[0;39m [32m INFO[0;39m [35m2828[0;39m [2m---[0;39m [2m[nio-8080-exec-4][0;39m [36mjdbc.sqlonly                            [0;39m [2m:[0;39m select board0_.id as id1_0_, board0_.contents as contents2_0_, board0_.created_at as created_3_0_, board0_.title as title4_0_, board0_.updated_at as updated_5_0_ from tbl_board board0_ where board0_.title='' limit 10

[2m2020-05-13 18:35:23.689[0;39m [32m INFO[0;39m [35m2828[0;39m [2m---[0;39m [2m[nio-8080-exec-7][0;39m [36mjdbc.sqlonly                            [0;39m [2m:[0;39m select board0_.id as id1_0_, board0_.contents as contents2_0_, board0_.created_at as created_3_0_, board0_.title as title4_0_, board0_.updated_at as updated_5_0_ from tbl_board board0_ where board0_.title='' limit 10

[2m2020-05-13 18:35:27.851[0;39m [32m INFO[0;39m [35m2828[0;39m [2m---[0;39m [2m[nio-8080-exec-8][0;39m [36mjdbc.sqlonly                            [0;39m [2m:[0;39m select board0_.id as id1_0_, board0_.contents as contents2_0_, board0_.created_at as created_3_0_, board0_.title as title4_0_, board0_.updated_at as updated_5_0_ from tbl_board board0_ where board0_.title='1' limit 10

[2m2020-05-13 18:35:30.978[0;39m [32m INFO[0;39m [35m2828[0;39m [2m---[0;39m [2m[nio-8080-exec-9][0;39m [36mjdbc.sqlonly                            [0;39m [2m:[0;39m select board0_.id as id1_0_, board0_.contents as contents2_0_, board0_.created_at as created_3_0_, board0_.title as title4_0_, board0_.updated_at as updated_5_0_ from tbl_board board0_ where board0_.title='2' limit 10

[2m2020-05-13 18:35:33.609[0;39m [32m INFO[0;39m [35m2828[0;39m [2m---[0;39m [2m[io-8080-exec-10][0;39m [36mjdbc.sqlonly                            [0;39m [2m:[0;39m select board0_.id as id1_0_, board0_.contents as contents2_0_, board0_.created_at as created_3_0_, board0_.title as title4_0_, board0_.updated_at as updated_5_0_ from tbl_board board0_ where board0_.title='' limit 10

[2m2020-05-13 18:36:01.159[0;39m [32m INFO[0;39m [35m2828[0;39m [2m---[0;39m [2m[extShutdownHook][0;39m [36mjdbc.sqlonly                            [0;39m [2m:[0;39m drop table if exists tbl_board

[2m2020-05-13 18:36:05.583[0;39m [32m INFO[0;39m [35m3149[0;39m [2m---[0;39m [2m[           main][0;39m [36mjdbc.sqlonly                            [0;39m [2m:[0;39m select table_name from information_schema.TABLES where table_schema = database() and table_type = 'SEQUENCE'

[2m2020-05-13 18:36:06.043[0;39m [32m INFO[0;39m [35m3149[0;39m [2m---[0;39m [2m[           main][0;39m [36mjdbc.sqlonly                            [0;39m [2m:[0;39m drop table if exists tbl_board

[2m2020-05-13 18:36:06.201[0;39m [32m INFO[0;39m [35m3149[0;39m [2m---[0;39m [2m[           main][0;39m [36mjdbc.sqlonly                            [0;39m [2m:[0;39m create table tbl_board (id bigint not null auto_increment, contents varchar(255), created_at datetime(6), title varchar(255), updated_at datetime(6), primary key (id)) engine=InnoDB

[2m2020-05-13 18:36:10.763[0;39m [32m INFO[0;39m [35m3149[0;39m [2m---[0;39m [2m[nio-8080-exec-1][0;39m [36mjdbc.sqlonly                            [0;39m [2m:[0;39m select board0_.id as id1_0_, board0_.contents as contents2_0_, board0_.created_at as created_3_0_, board0_.title as title4_0_, board0_.updated_at as updated_5_0_ from tbl_board board0_ limit 10

[2m2020-05-13 18:36:11.965[0;39m [32m INFO[0;39m [35m3149[0;39m [2m---[0;39m [2m[nio-8080-exec-2][0;39m [36mjdbc.sqlonly                            [0;39m [2m:[0;39m select board0_.id as id1_0_, board0_.contents as contents2_0_, board0_.created_at as created_3_0_, board0_.title as title4_0_, board0_.updated_at as updated_5_0_ from tbl_board board0_ limit 10

[2m2020-05-13 18:36:12.872[0;39m [32m INFO[0;39m [35m3149[0;39m [2m---[0;39m [2m[nio-8080-exec-3][0;39m [36mjdbc.sqlonly                            [0;39m [2m:[0;39m select board0_.id as id1_0_, board0_.contents as contents2_0_, board0_.created_at as created_3_0_, board0_.title as title4_0_, board0_.updated_at as updated_5_0_ from tbl_board board0_ limit 10

[2m2020-05-13 18:36:15.049[0;39m [32m INFO[0;39m [35m3149[0;39m [2m---[0;39m [2m[nio-8080-exec-4][0;39m [36mjdbc.sqlonly                            [0;39m [2m:[0;39m select board0_.id as id1_0_, board0_.contents as contents2_0_, board0_.created_at as created_3_0_, board0_.title as title4_0_, board0_.updated_at as updated_5_0_ from tbl_board board0_ where board0_.title='d' limit 10

[2m2020-05-13 18:36:17.581[0;39m [32m INFO[0;39m [35m3149[0;39m [2m---[0;39m [2m[nio-8080-exec-5][0;39m [36mjdbc.sqlonly                            [0;39m [2m:[0;39m select board0_.id as id1_0_, board0_.contents as contents2_0_, board0_.created_at as created_3_0_, board0_.title as title4_0_, board0_.updated_at as updated_5_0_ from tbl_board board0_ where board0_.title='1' limit 10

[2m2020-05-13 18:36:43.770[0;39m [32m INFO[0;39m [35m3149[0;39m [2m---[0;39m [2m[nio-8080-exec-6][0;39m [36mjdbc.sqlonly                            [0;39m [2m:[0;39m select board0_.id as id1_0_, board0_.contents as contents2_0_, board0_.created_at as created_3_0_, board0_.title as title4_0_, board0_.updated_at as updated_5_0_ from tbl_board board0_ limit 10

[2m2020-05-13 18:36:44.965[0;39m [32m INFO[0;39m [35m3149[0;39m [2m---[0;39m [2m[nio-8080-exec-7][0;39m [36mjdbc.sqlonly                            [0;39m [2m:[0;39m select board0_.id as id1_0_, board0_.contents as contents2_0_, board0_.created_at as created_3_0_, board0_.title as title4_0_, board0_.updated_at as updated_5_0_ from tbl_board board0_ limit 10

[2m2020-05-13 18:36:45.734[0;39m [32m INFO[0;39m [35m3149[0;39m [2m---[0;39m [2m[nio-8080-exec-8][0;39m [36mjdbc.sqlonly                            [0;39m [2m:[0;39m select board0_.id as id1_0_, board0_.contents as contents2_0_, board0_.created_at as created_3_0_, board0_.title as title4_0_, board0_.updated_at as updated_5_0_ from tbl_board board0_ limit 10

[2m2020-05-13 18:36:47.906[0;39m [32m INFO[0;39m [35m3149[0;39m [2m---[0;39m [2m[nio-8080-exec-9][0;39m [36mjdbc.sqlonly                            [0;39m [2m:[0;39m select board0_.id as id1_0_, board0_.contents as contents2_0_, board0_.created_at as created_3_0_, board0_.title as title4_0_, board0_.updated_at as updated_5_0_ from tbl_board board0_ where board0_.title='1' limit 10

[2m2020-05-13 18:36:50.640[0;39m [32m INFO[0;39m [35m3149[0;39m [2m---[0;39m [2m[io-8080-exec-10][0;39m [36mjdbc.sqlonly                            [0;39m [2m:[0;39m select board0_.id as id1_0_, board0_.contents as contents2_0_, board0_.created_at as created_3_0_, board0_.title as title4_0_, board0_.updated_at as updated_5_0_ from tbl_board board0_ where board0_.title='2' limit 10

[2m2020-05-13 18:38:43.656[0;39m [32m INFO[0;39m [35m3149[0;39m [2m---[0;39m [2m[nio-8080-exec-2][0;39m [36mjdbc.sqlonly                            [0;39m [2m:[0;39m select board0_.id as id1_0_, board0_.contents as contents2_0_, board0_.created_at as created_3_0_, board0_.title as title4_0_, board0_.updated_at as updated_5_0_ from tbl_board board0_ where board0_.title='2' limit 10

[2m2020-05-13 18:38:45.740[0;39m [32m INFO[0;39m [35m3149[0;39m [2m---[0;39m [2m[nio-8080-exec-3][0;39m [36mjdbc.sqlonly                            [0;39m [2m:[0;39m select board0_.id as id1_0_, board0_.contents as contents2_0_, board0_.created_at as created_3_0_, board0_.title as title4_0_, board0_.updated_at as updated_5_0_ from tbl_board board0_ where board0_.title='2' limit 10

[2m2020-05-13 18:38:47.740[0;39m [32m INFO[0;39m [35m3149[0;39m [2m---[0;39m [2m[nio-8080-exec-4][0;39m [36mjdbc.sqlonly                            [0;39m [2m:[0;39m select board0_.id as id1_0_, board0_.contents as contents2_0_, board0_.created_at as created_3_0_, board0_.title as title4_0_, board0_.updated_at as updated_5_0_ from tbl_board board0_ where board0_.title='2' limit 10

[2m2020-05-13 18:38:48.021[0;39m [32m INFO[0;39m [35m3149[0;39m [2m---[0;39m [2m[nio-8080-exec-5][0;39m [36mjdbc.sqlonly                            [0;39m [2m:[0;39m select board0_.id as id1_0_, board0_.contents as contents2_0_, board0_.created_at as created_3_0_, board0_.title as title4_0_, board0_.updated_at as updated_5_0_ from tbl_board board0_ where board0_.title='2' limit 10

[2m2020-05-13 18:38:48.685[0;39m [32m INFO[0;39m [35m3149[0;39m [2m---[0;39m [2m[nio-8080-exec-6][0;39m [36mjdbc.sqlonly                            [0;39m [2m:[0;39m select board0_.id as id1_0_, board0_.contents as contents2_0_, board0_.created_at as created_3_0_, board0_.title as title4_0_, board0_.updated_at as updated_5_0_ from tbl_board board0_ where board0_.title='2' limit 10

[2m2020-05-13 18:38:49.063[0;39m [32m INFO[0;39m [35m3149[0;39m [2m---[0;39m [2m[nio-8080-exec-7][0;39m [36mjdbc.sqlonly                            [0;39m [2m:[0;39m select board0_.id as id1_0_, board0_.contents as contents2_0_, board0_.created_at as created_3_0_, board0_.title as title4_0_, board0_.updated_at as updated_5_0_ from tbl_board board0_ where board0_.title='2' limit 10

[2m2020-05-13 18:38:49.506[0;39m [32m INFO[0;39m [35m3149[0;39m [2m---[0;39m [2m[nio-8080-exec-8][0;39m [36mjdbc.sqlonly                            [0;39m [2m:[0;39m select board0_.id as id1_0_, board0_.contents as contents2_0_, board0_.created_at as created_3_0_, board0_.title as title4_0_, board0_.updated_at as updated_5_0_ from tbl_board board0_ where board0_.title='2' limit 10

[2m2020-05-13 18:38:49.838[0;39m [32m INFO[0;39m [35m3149[0;39m [2m---[0;39m [2m[nio-8080-exec-9][0;39m [36mjdbc.sqlonly                            [0;39m [2m:[0;39m select board0_.id as id1_0_, board0_.contents as contents2_0_, board0_.created_at as created_3_0_, board0_.title as title4_0_, board0_.updated_at as updated_5_0_ from tbl_board board0_ where board0_.title='2' limit 10

[2m2020-05-13 18:38:50.004[0;39m [32m INFO[0;39m [35m3149[0;39m [2m---[0;39m [2m[io-8080-exec-10][0;39m [36mjdbc.sqlonly                            [0;39m [2m:[0;39m select board0_.id as id1_0_, board0_.contents as contents2_0_, board0_.created_at as created_3_0_, board0_.title as title4_0_, board0_.updated_at as updated_5_0_ from tbl_board board0_ where board0_.title='2' limit 10

[2m2020-05-13 18:38:50.171[0;39m [32m INFO[0;39m [35m3149[0;39m [2m---[0;39m [2m[nio-8080-exec-1][0;39m [36mjdbc.sqlonly                            [0;39m [2m:[0;39m select board0_.id as id1_0_, board0_.contents as contents2_0_, board0_.created_at as created_3_0_, board0_.title as title4_0_, board0_.updated_at as updated_5_0_ from tbl_board board0_ where board0_.title='2' limit 10

[2m2020-05-13 18:38:50.335[0;39m [32m INFO[0;39m [35m3149[0;39m [2m---[0;39m [2m[nio-8080-exec-2][0;39m [36mjdbc.sqlonly                            [0;39m [2m:[0;39m select board0_.id as id1_0_, board0_.contents as contents2_0_, board0_.created_at as created_3_0_, board0_.title as title4_0_, board0_.updated_at as updated_5_0_ from tbl_board board0_ where board0_.title='2' limit 10

[2m2020-05-13 18:38:50.503[0;39m [32m INFO[0;39m [35m3149[0;39m [2m---[0;39m [2m[nio-8080-exec-3][0;39m [36mjdbc.sqlonly                            [0;39m [2m:[0;39m select board0_.id as id1_0_, board0_.contents as contents2_0_, board0_.created_at as created_3_0_, board0_.title as title4_0_, board0_.updated_at as updated_5_0_ from tbl_board board0_ where board0_.title='2' limit 10

[2m2020-05-13 18:38:50.590[0;39m [32m INFO[0;39m [35m3149[0;39m [2m---[0;39m [2m[nio-8080-exec-4][0;39m [36mjdbc.sqlonly                            [0;39m [2m:[0;39m select board0_.id as id1_0_, board0_.contents as contents2_0_, board0_.created_at as created_3_0_, board0_.title as title4_0_, board0_.updated_at as updated_5_0_ from tbl_board board0_ where board0_.title='2' limit 10

[2m2020-05-13 18:38:54.957[0;39m [32m INFO[0;39m [35m3149[0;39m [2m---[0;39m [2m[nio-8080-exec-5][0;39m [36mjdbc.sqlonly                            [0;39m [2m:[0;39m select board0_.id as id1_0_, board0_.contents as contents2_0_, board0_.created_at as created_3_0_, board0_.title as title4_0_, board0_.updated_at as updated_5_0_ from tbl_board board0_ limit 10

[2m2020-05-13 18:40:27.412[0;39m [32m INFO[0;39m [35m3149[0;39m [2m---[0;39m [2m[nio-8080-exec-7][0;39m [36mjdbc.sqlonly                            [0;39m [2m:[0;39m select board0_.id as id1_0_, board0_.contents as contents2_0_, board0_.created_at as created_3_0_, board0_.title as title4_0_, board0_.updated_at as updated_5_0_ from tbl_board board0_ limit 10

[2m2020-05-13 18:40:27.571[0;39m [32m INFO[0;39m [35m3149[0;39m [2m---[0;39m [2m[nio-8080-exec-7][0;39m [36mjdbc.sqlonly                            [0;39m [2m:[0;39m select count(board0_.id) as col_0_0_ from tbl_board board0_

[2m2020-05-13 18:40:32.310[0;39m [32m INFO[0;39m [35m3149[0;39m [2m---[0;39m [2m[nio-8080-exec-8][0;39m [36mjdbc.sqlonly                            [0;39m [2m:[0;39m select board0_.id as id1_0_, board0_.contents as contents2_0_, board0_.created_at as created_3_0_, board0_.title as title4_0_, board0_.updated_at as updated_5_0_ from tbl_board board0_ limit 10, 10

[2m2020-05-13 18:42:35.244[0;39m [32m INFO[0;39m [35m3149[0;39m [2m---[0;39m [2m[io-8080-exec-10][0;39m [36mjdbc.sqlonly                            [0;39m [2m:[0;39m select board0_.id as id1_0_, board0_.contents as contents2_0_, board0_.created_at as created_3_0_, board0_.title as title4_0_, board0_.updated_at as updated_5_0_ from tbl_board board0_ limit 10, 10

[2m2020-05-13 19:19:34.211[0;39m [32m INFO[0;39m [35m3149[0;39m [2m---[0;39m [2m[extShutdownHook][0;39m [36mjdbc.sqlonly                            [0;39m [2m:[0;39m drop table if exists tbl_board

