[2m2020-05-14 18:12:52.122[0;39m [32m INFO[0;39m [35m73744[0;39m [2m---[0;39m [2m[           main][0;39m [36mkr.myeongdon.board.ApplicationKt        [0;39m [2m:[0;39m Starting ApplicationKt on jumyeongdon-ui-MacBookPro.local with PID 73744 (/Users/joo/Desktop/project/board-spring/build/classes/kotlin/main started by joo in /Users/joo/Desktop/project/board-spring)
[2m2020-05-14 18:12:52.126[0;39m [32m INFO[0;39m [35m73744[0;39m [2m---[0;39m [2m[           main][0;39m [36mkr.myeongdon.board.ApplicationKt        [0;39m [2m:[0;39m No active profile set, falling back to default profiles: default
[2m2020-05-14 18:12:52.594[0;39m [32m INFO[0;39m [35m73744[0;39m [2m---[0;39m [2m[           main][0;39m [36m.s.d.r.c.RepositoryConfigurationDelegate[0;39m [2m:[0;39m Bootstrapping Spring Data JPA repositories in DEFAULT mode.
[2m2020-05-14 18:12:52.636[0;39m [32m INFO[0;39m [35m73744[0;39m [2m---[0;39m [2m[           main][0;39m [36m.s.d.r.c.RepositoryConfigurationDelegate[0;39m [2m:[0;39m Finished Spring Data repository scanning in 35ms. Found 1 JPA repository interfaces.
[2m2020-05-14 18:12:53.184[0;39m [32m INFO[0;39m [35m73744[0;39m [2m---[0;39m [2m[           main][0;39m [36mo.s.b.w.embedded.tomcat.TomcatWebServer [0;39m [2m:[0;39m Tomcat initialized with port(s): 8080 (http)
[2m2020-05-14 18:12:53.192[0;39m [32m INFO[0;39m [35m73744[0;39m [2m---[0;39m [2m[           main][0;39m [36mo.a.coyote.http11.Http11NioProtocol     [0;39m [2m:[0;39m Initializing ProtocolHandler ["http-nio-8080"]
[2m2020-05-14 18:12:53.193[0;39m [32m INFO[0;39m [35m73744[0;39m [2m---[0;39m [2m[           main][0;39m [36mo.apache.catalina.core.StandardService  [0;39m [2m:[0;39m Starting service [Tomcat]
[2m2020-05-14 18:12:53.193[0;39m [32m INFO[0;39m [35m73744[0;39m [2m---[0;39m [2m[           main][0;39m [36morg.apache.catalina.core.StandardEngine [0;39m [2m:[0;39m Starting Servlet engine: [Apache Tomcat/9.0.33]
[2m2020-05-14 18:12:53.265[0;39m [32m INFO[0;39m [35m73744[0;39m [2m---[0;39m [2m[           main][0;39m [36mo.a.c.c.C.[.[localhost].[/board_api]    [0;39m [2m:[0;39m Initializing Spring embedded WebApplicationContext
[2m2020-05-14 18:12:53.265[0;39m [32m INFO[0;39m [35m73744[0;39m [2m---[0;39m [2m[           main][0;39m [36mo.s.web.context.ContextLoader           [0;39m [2m:[0;39m Root WebApplicationContext: initialization completed in 1091 ms
[2m2020-05-14 18:12:53.397[0;39m [32m INFO[0;39m [35m73744[0;39m [2m---[0;39m [2m[           main][0;39m [36mo.hibernate.jpa.internal.util.LogHelper [0;39m [2m:[0;39m HHH000204: Processing PersistenceUnitInfo [name: default]
[2m2020-05-14 18:12:53.459[0;39m [32m INFO[0;39m [35m73744[0;39m [2m---[0;39m [2m[           main][0;39m [36morg.hibernate.Version                   [0;39m [2m:[0;39m HHH000412: Hibernate ORM core version 5.4.12.Final
[2m2020-05-14 18:12:53.667[0;39m [32m INFO[0;39m [35m73744[0;39m [2m---[0;39m [2m[           main][0;39m [36mo.hibernate.annotations.common.Version  [0;39m [2m:[0;39m HCANN000001: Hibernate Commons Annotations {5.1.0.Final}
[2m2020-05-14 18:12:53.748[0;39m [32m INFO[0;39m [35m73744[0;39m [2m---[0;39m [2m[           main][0;39m [36mcom.zaxxer.hikari.HikariDataSource      [0;39m [2m:[0;39m Hikari-CP - Starting...
[2m2020-05-14 18:12:55.210[0;39m [32m INFO[0;39m [35m73744[0;39m [2m---[0;39m [2m[           main][0;39m [36mcom.zaxxer.hikari.HikariDataSource      [0;39m [2m:[0;39m Hikari-CP - Start completed.
[2m2020-05-14 18:12:55.235[0;39m [32m INFO[0;39m [35m73744[0;39m [2m---[0;39m [2m[           main][0;39m [36morg.hibernate.dialect.Dialect           [0;39m [2m:[0;39m HHH000400: Using dialect: org.hibernate.dialect.MariaDB103Dialect
[2m2020-05-14 18:12:55.361[0;39m [32m INFO[0;39m [35m73744[0;39m [2m---[0;39m [2m[           main][0;39m [36mjdbc.sqlonly                            [0;39m [2m:[0;39m select table_name from information_schema.TABLES where table_schema = database() and table_type = 'SEQUENCE'

[2m2020-05-14 18:12:56.234[0;39m [32m INFO[0;39m [35m73744[0;39m [2m---[0;39m [2m[           main][0;39m [36mjdbc.sqlonly                            [0;39m [2m:[0;39m drop table if exists tbl_board

[2m2020-05-14 18:12:56.437[0;39m [32m INFO[0;39m [35m73744[0;39m [2m---[0;39m [2m[           main][0;39m [36mjdbc.sqlonly                            [0;39m [2m:[0;39m create table tbl_board (id bigint not null auto_increment, contents varchar(255), created_at datetime(6), title varchar(255), updated_at datetime(6), primary key (id)) engine=InnoDB

[2m2020-05-14 18:12:56.530[0;39m [32m INFO[0;39m [35m73744[0;39m [2m---[0;39m [2m[           main][0;39m [36mo.h.e.t.j.p.i.JtaPlatformInitiator      [0;39m [2m:[0;39m HHH000490: Using JtaPlatform implementation: [org.hibernate.engine.transaction.jta.platform.internal.NoJtaPlatform]
[2m2020-05-14 18:12:56.536[0;39m [32m INFO[0;39m [35m73744[0;39m [2m---[0;39m [2m[           main][0;39m [36mj.LocalContainerEntityManagerFactoryBean[0;39m [2m:[0;39m Initialized JPA EntityManagerFactory for persistence unit 'default'
[2m2020-05-14 18:12:56.934[0;39m [33m WARN[0;39m [35m73744[0;39m [2m---[0;39m [2m[           main][0;39m [36mJpaBaseConfiguration$JpaWebConfiguration[0;39m [2m:[0;39m spring.jpa.open-in-view is enabled by default. Therefore, database queries may be performed during view rendering. Explicitly configure spring.jpa.open-in-view to disable this warning
[2m2020-05-14 18:12:57.026[0;39m [32m INFO[0;39m [35m73744[0;39m [2m---[0;39m [2m[           main][0;39m [36mo.s.s.concurrent.ThreadPoolTaskExecutor [0;39m [2m:[0;39m Initializing ExecutorService 'applicationTaskExecutor'
[2m2020-05-14 18:12:57.185[0;39m [32m INFO[0;39m [35m73744[0;39m [2m---[0;39m [2m[           main][0;39m [36mo.a.coyote.http11.Http11NioProtocol     [0;39m [2m:[0;39m Starting ProtocolHandler ["http-nio-8080"]
[2m2020-05-14 18:12:57.201[0;39m [32m INFO[0;39m [35m73744[0;39m [2m---[0;39m [2m[           main][0;39m [36mo.s.b.w.embedded.tomcat.TomcatWebServer [0;39m [2m:[0;39m Tomcat started on port(s): 8080 (http) with context path '/board_api'
[2m2020-05-14 18:12:57.205[0;39m [32m INFO[0;39m [35m73744[0;39m [2m---[0;39m [2m[           main][0;39m [36mkr.myeongdon.board.ApplicationKt        [0;39m [2m:[0;39m Started ApplicationKt in 5.498 seconds (JVM running for 6.117)
[2m2020-05-14 18:13:07.790[0;39m [32m INFO[0;39m [35m73744[0;39m [2m---[0;39m [2m[extShutdownHook][0;39m [36mo.s.s.concurrent.ThreadPoolTaskExecutor [0;39m [2m:[0;39m Shutting down ExecutorService 'applicationTaskExecutor'
[2m2020-05-14 18:13:07.791[0;39m [32m INFO[0;39m [35m73744[0;39m [2m---[0;39m [2m[extShutdownHook][0;39m [36mj.LocalContainerEntityManagerFactoryBean[0;39m [2m:[0;39m Closing JPA EntityManagerFactory for persistence unit 'default'
[2m2020-05-14 18:13:07.791[0;39m [32m INFO[0;39m [35m73744[0;39m [2m---[0;39m [2m[extShutdownHook][0;39m [36m.SchemaDropperImpl$DelayedDropActionImpl[0;39m [2m:[0;39m HHH000477: Starting delayed evictData of schema as part of SessionFactory shut-down'
[2m2020-05-14 18:13:07.876[0;39m [32m INFO[0;39m [35m73744[0;39m [2m---[0;39m [2m[extShutdownHook][0;39m [36mjdbc.sqlonly                            [0;39m [2m:[0;39m drop table if exists tbl_board

[2m2020-05-14 18:13:07.966[0;39m [32m INFO[0;39m [35m73744[0;39m [2m---[0;39m [2m[extShutdownHook][0;39m [36mcom.zaxxer.hikari.HikariDataSource      [0;39m [2m:[0;39m Hikari-CP - Shutdown initiated...
[2m2020-05-14 18:13:07.978[0;39m [32m INFO[0;39m [35m73744[0;39m [2m---[0;39m [2m[extShutdownHook][0;39m [36mcom.zaxxer.hikari.HikariDataSource      [0;39m [2m:[0;39m Hikari-CP - Shutdown completed.
